#! /usr/local/bin/vvp
:ivl_version "10.3 (stable)";
:ivl_delay_selection "TYPICAL";
:vpi_time_precision - 12;
:vpi_module "system";
:vpi_module "vhdl_sys";
:vpi_module "v2005_math";
:vpi_module "va_math";
:vpi_module "v2009";
S_0x5567ca2284e0 .scope module, "dist_calc" "dist_calc" 2 4;
 .timescale -9 -12;
    .port_info 0 /INPUT 16 "DATA_X1"
    .port_info 1 /INPUT 16 "DATA_X2"
    .port_info 2 /INPUT 16 "DATA_Y1"
    .port_info 3 /INPUT 16 "DATA_Y2"
    .port_info 4 /OUTPUT 33 "DATA_OUT"
P_0x5567ca22b2c0 .param/l "W" 0 2 6, +C4<00000000000000000000000000100000>;
L_0x5567ca236570 .functor BUFZ 33, v0x5567ca221a50_0, C4<000000000000000000000000000000000>, C4<000000000000000000000000000000000>, C4<000000000000000000000000000000000>;
v0x5567ca25c9c0_0 .net "DATA_OUT", 32 0, L_0x5567ca236570;  1 drivers
o0x7fc9aa975048 .functor BUFZ 16, C4<zzzzzzzzzzzzzzzz>; HiZ drive
v0x5567ca25ca60_0 .net/s "DATA_X1", 15 0, o0x7fc9aa975048;  0 drivers
o0x7fc9aa975078 .functor BUFZ 16, C4<zzzzzzzzzzzzzzzz>; HiZ drive
v0x5567ca21fb80_0 .net/s "DATA_X2", 15 0, o0x7fc9aa975078;  0 drivers
o0x7fc9aa9750a8 .functor BUFZ 16, C4<zzzzzzzzzzzzzzzz>; HiZ drive
v0x5567ca21fc80_0 .net/s "DATA_Y1", 15 0, o0x7fc9aa9750a8;  0 drivers
o0x7fc9aa9750d8 .functor BUFZ 16, C4<zzzzzzzzzzzzzzzz>; HiZ drive
v0x5567ca220a50_0 .net/s "DATA_Y2", 15 0, o0x7fc9aa9750d8;  0 drivers
v0x5567ca221a50_0 .var "result", 32 0;
v0x5567ca222550_0 .var "sqr1", 31 0;
v0x5567ca28b230_0 .var "sqr2", 31 0;
v0x5567ca28b310_0 .var/s "sub1", 31 0;
v0x5567ca28b3f0_0 .var/s "sub2", 31 0;
E_0x5567ca226b80/0 .event edge, v0x5567ca25ca60_0, v0x5567ca21fb80_0, v0x5567ca21fc80_0, v0x5567ca220a50_0;
E_0x5567ca226b80/1 .event edge, v0x5567ca28b310_0, v0x5567ca28b3f0_0, v0x5567ca222550_0, v0x5567ca28b230_0;
E_0x5567ca226b80 .event/or E_0x5567ca226b80/0, E_0x5567ca226b80/1;
S_0x5567ca228730 .scope module, "iob_knn" "iob_knn" 3 6;
 .timescale -9 -12;
    .port_info 0 /INPUT 1 "valid"
    .port_info 1 /INPUT 3 "address"
    .port_info 2 /INPUT 32 "wdata"
    .port_info 3 /INPUT 4 "wstrb"
    .port_info 4 /OUTPUT 32 "rdata"
    .port_info 5 /OUTPUT 1 "ready"
    .port_info 6 /INPUT 1 "clk"
    .port_info 7 /INPUT 1 "rst"
P_0x5567ca25ee60 .param/l "ADDR_W" 0 3 8, +C4<00000000000000000000000000000011>;
P_0x5567ca25eea0 .param/l "DATA_W" 0 3 9, +C4<00000000000000000000000000100000>;
P_0x5567ca25eee0 .param/l "WDATA_W" 0 3 10, +C4<00000000000000000000000000100000>;
L_0x5567ca249290 .functor BUFZ 32, v0x5567ca28e2e0_0, C4<00000000000000000000000000000000>, C4<00000000000000000000000000000000>, C4<00000000000000000000000000000000>;
L_0x5567ca228a60 .functor BUFZ 1, v0x5567ca28e4a0_0, C4<0>, C4<0>, C4<0>;
v0x5567ca28d920_0 .var "DATA_1", 31 0;
v0x5567ca28da20_0 .var "DATA_2", 31 0;
v0x5567ca28db00_0 .net "DATA_OUT", 7 0, L_0x5567ca228960;  1 drivers
v0x5567ca28dba0_0 .var "DATA_X1", 15 0;
v0x5567ca28dc40_0 .var "DATA_X2", 15 0;
v0x5567ca28dce0_0 .var "DATA_Y1", 15 0;
v0x5567ca28dd80_0 .var "DATA_Y2", 15 0;
v0x5567ca28de20_0 .var "DONE", 0 0;
v0x5567ca28dec0_0 .var "KNN_RESET", 0 0;
v0x5567ca28df80_0 .var "SEL", 3 0;
o0x7fc9aa975d68 .functor BUFZ 3, C4<zzz>; HiZ drive
v0x5567ca28e070_0 .net "address", 2 0, o0x7fc9aa975d68;  0 drivers
o0x7fc9aa975678 .functor BUFZ 1, C4<z>; HiZ drive
v0x5567ca28e130_0 .net "clk", 0 0, o0x7fc9aa975678;  0 drivers
v0x5567ca28e220_0 .net "rdata", 31 0, L_0x5567ca249290;  1 drivers
v0x5567ca28e2e0_0 .var "rdata_int", 31 0;
v0x5567ca28e3c0_0 .net "ready", 0 0, L_0x5567ca228a60;  1 drivers
v0x5567ca28e4a0_0 .var "ready_int", 0 0;
o0x7fc9aa975e58 .functor BUFZ 1, C4<z>; HiZ drive
v0x5567ca28e580_0 .net "rst", 0 0, o0x7fc9aa975e58;  0 drivers
v0x5567ca28e660_0 .var "rst_int", 0 0;
o0x7fc9aa975ac8 .functor BUFZ 1, C4<z>; HiZ drive
v0x5567ca28e750_0 .net "valid", 0 0, o0x7fc9aa975ac8;  0 drivers
o0x7fc9aa975e88 .functor BUFZ 32, C4<zzzzzzzzzzzzzzzzzzzzzzzzzzzzzzzz>; HiZ drive
v0x5567ca28e820_0 .net "wdata", 31 0, o0x7fc9aa975e88;  0 drivers
v0x5567ca28e8e0_0 .var "write", 0 0;
o0x7fc9aa975ee8 .functor BUFZ 4, C4<zzzz>; HiZ drive
v0x5567ca28e9c0_0 .net "wstrb", 3 0, o0x7fc9aa975ee8;  0 drivers
E_0x5567ca226010 .event posedge, v0x5567ca28e580_0, v0x5567ca28c8e0_0;
E_0x5567ca2263e0 .event edge, v0x5567ca28d920_0, v0x5567ca28da20_0;
E_0x5567ca1ed9c0 .event edge, v0x5567ca28e9c0_0;
E_0x5567ca26da60 .event edge, v0x5567ca28e580_0, v0x5567ca28dec0_0;
E_0x5567ca26dc00 .event edge, v0x5567ca28e070_0, v0x5567ca28be30_0;
S_0x5567ca28b660 .scope module, "sorter0" "sorter" 3 45, 4 4 0, S_0x5567ca228730;
 .timescale -9 -12;
    .port_info 0 /INPUT 1 "rst"
    .port_info 1 /INPUT 1 "clk"
    .port_info 2 /INPUT 1 "valid"
    .port_info 3 /INPUT 1 "DONE_aux"
    .port_info 4 /INPUT 4 "SEL"
    .port_info 5 /INPUT 16 "DATA_X1"
    .port_info 6 /INPUT 16 "DATA_X2"
    .port_info 7 /INPUT 16 "DATA_Y1"
    .port_info 8 /INPUT 16 "DATA_Y2"
    .port_info 9 /OUTPUT 8 "DATA_OUT"
P_0x5567ca28b7e0 .param/l "W" 0 4 6, +C4<00000000000000000000000000100000>;
L_0x5567ca228960 .functor BUFZ 8, v0x5567ca28cc40_0, C4<00000000>, C4<00000000>, C4<00000000>;
v0x5567ca28bd70 .array "DATA_IN_INT", 9 1, 32 0;
v0x5567ca28be30_0 .net "DATA_OUT", 7 0, L_0x5567ca228960;  alias, 1 drivers
v0x5567ca28bf10 .array "DATA_OUT_INT", 9 0, 32 0;
v0x5567ca28c0f0_0 .net/s "DATA_X1", 15 0, v0x5567ca28dba0_0;  1 drivers
v0x5567ca28c1d0_0 .net/s "DATA_X2", 15 0, v0x5567ca28dc40_0;  1 drivers
v0x5567ca28c300_0 .net/s "DATA_Y1", 15 0, v0x5567ca28dce0_0;  1 drivers
v0x5567ca28c3e0_0 .net/s "DATA_Y2", 15 0, v0x5567ca28dd80_0;  1 drivers
v0x5567ca28c4c0_0 .var "DIST", 32 0;
v0x5567ca28c5a0_0 .var "DONE", 0 0;
v0x5567ca28c680_0 .net "DONE_aux", 0 0, v0x5567ca28de20_0;  1 drivers
v0x5567ca28c760_0 .net "SEL", 3 0, v0x5567ca28df80_0;  1 drivers
v0x5567ca28c840 .array "c", 9 0, 0 0;
v0x5567ca28c8e0_0 .net "clk", 0 0, o0x7fc9aa975678;  alias, 0 drivers
v0x5567ca28c9c0_0 .var/i "i", 31 0;
v0x5567ca28caa0_0 .var "idx_cnt", 7 0;
v0x5567ca28cb80 .array "idx_cnt_int", 9 1, 8 0;
v0x5567ca28cc40_0 .var "idx_out", 7 0;
v0x5567ca28cd20 .array "idx_out_int", 9 0, 8 0;
v0x5567ca28cf20_0 .var/i "j", 31 0;
v0x5567ca28d000_0 .var/i "m", 31 0;
v0x5567ca28d0e0_0 .var/i "n", 31 0;
v0x5567ca28d1c0_0 .var "ready", 0 0;
v0x5567ca28d2a0_0 .net "rst", 0 0, v0x5567ca28e660_0;  1 drivers
v0x5567ca28d380_0 .var "sqr1", 31 0;
v0x5567ca28d460_0 .var "sqr2", 31 0;
v0x5567ca28d540_0 .var/s "sub1", 31 0;
v0x5567ca28d620_0 .var/s "sub2", 31 0;
v0x5567ca28d700_0 .net "valid", 0 0, o0x7fc9aa975ac8;  alias, 0 drivers
v0x5567ca28cd20_0 .array/port v0x5567ca28cd20, 0;
v0x5567ca28cd20_1 .array/port v0x5567ca28cd20, 1;
E_0x5567ca28b980/0 .event edge, v0x5567ca28cf20_0, v0x5567ca28c760_0, v0x5567ca28cd20_0, v0x5567ca28cd20_1;
v0x5567ca28cd20_2 .array/port v0x5567ca28cd20, 2;
v0x5567ca28cd20_3 .array/port v0x5567ca28cd20, 3;
v0x5567ca28cd20_4 .array/port v0x5567ca28cd20, 4;
v0x5567ca28cd20_5 .array/port v0x5567ca28cd20, 5;
E_0x5567ca28b980/1 .event edge, v0x5567ca28cd20_2, v0x5567ca28cd20_3, v0x5567ca28cd20_4, v0x5567ca28cd20_5;
v0x5567ca28cd20_6 .array/port v0x5567ca28cd20, 6;
v0x5567ca28cd20_7 .array/port v0x5567ca28cd20, 7;
v0x5567ca28cd20_8 .array/port v0x5567ca28cd20, 8;
v0x5567ca28cd20_9 .array/port v0x5567ca28cd20, 9;
E_0x5567ca28b980/2 .event edge, v0x5567ca28cd20_6, v0x5567ca28cd20_7, v0x5567ca28cd20_8, v0x5567ca28cd20_9;
E_0x5567ca28b980 .event/or E_0x5567ca28b980/0, E_0x5567ca28b980/1, E_0x5567ca28b980/2;
v0x5567ca28bf10_0 .array/port v0x5567ca28bf10, 0;
v0x5567ca28bf10_1 .array/port v0x5567ca28bf10, 1;
E_0x5567ca28ba50/0 .event edge, v0x5567ca28c9c0_0, v0x5567ca28c4c0_0, v0x5567ca28bf10_0, v0x5567ca28bf10_1;
v0x5567ca28bf10_2 .array/port v0x5567ca28bf10, 2;
v0x5567ca28bf10_3 .array/port v0x5567ca28bf10, 3;
v0x5567ca28bf10_4 .array/port v0x5567ca28bf10, 4;
v0x5567ca28bf10_5 .array/port v0x5567ca28bf10, 5;
E_0x5567ca28ba50/1 .event edge, v0x5567ca28bf10_2, v0x5567ca28bf10_3, v0x5567ca28bf10_4, v0x5567ca28bf10_5;
v0x5567ca28bf10_6 .array/port v0x5567ca28bf10, 6;
v0x5567ca28bf10_7 .array/port v0x5567ca28bf10, 7;
v0x5567ca28bf10_8 .array/port v0x5567ca28bf10, 8;
v0x5567ca28bf10_9 .array/port v0x5567ca28bf10, 9;
E_0x5567ca28ba50/2 .event edge, v0x5567ca28bf10_6, v0x5567ca28bf10_7, v0x5567ca28bf10_8, v0x5567ca28bf10_9;
E_0x5567ca28ba50/3 .event edge, v0x5567ca28cd20_0, v0x5567ca28cd20_1, v0x5567ca28cd20_2, v0x5567ca28cd20_3;
E_0x5567ca28ba50/4 .event edge, v0x5567ca28cd20_4, v0x5567ca28cd20_5, v0x5567ca28cd20_6, v0x5567ca28cd20_7;
E_0x5567ca28ba50/5 .event edge, v0x5567ca28cd20_8, v0x5567ca28cd20_9, v0x5567ca28caa0_0;
E_0x5567ca28ba50 .event/or E_0x5567ca28ba50/0, E_0x5567ca28ba50/1, E_0x5567ca28ba50/2, E_0x5567ca28ba50/3, E_0x5567ca28ba50/4, E_0x5567ca28ba50/5;
E_0x5567ca28bb50/0 .event edge, v0x5567ca28c0f0_0, v0x5567ca28c1d0_0, v0x5567ca28c300_0, v0x5567ca28c3e0_0;
E_0x5567ca28bb50/1 .event edge, v0x5567ca28d540_0, v0x5567ca28d620_0, v0x5567ca28d380_0, v0x5567ca28d460_0;
E_0x5567ca28bb50 .event/or E_0x5567ca28bb50/0, E_0x5567ca28bb50/1;
E_0x5567ca28bbe0 .event posedge, v0x5567ca28d2a0_0, v0x5567ca28c8e0_0;
E_0x5567ca28bc70 .event posedge, v0x5567ca28c8e0_0;
E_0x5567ca28bcd0 .event edge, v0x5567ca28d700_0;
S_0x5567ca248e30 .scope module, "knn_tb" "knn_tb" 5 5;
 .timescale -9 -12;
P_0x5567ca248fb0 .param/l "PER" 1 5 7, +C4<00000000000000000000000000001010>;
v0x5567ca2910f0_0 .net "DATA_OUT", 7 0, L_0x5567ca228b80;  1 drivers
v0x5567ca2911d0_0 .var/s "DATA_X1", 15 0;
v0x5567ca2912a0_0 .var/s "DATA_X2", 15 0;
v0x5567ca2913a0_0 .var/s "DATA_Y1", 15 0;
v0x5567ca291470_0 .var/s "DATA_Y2", 15 0;
v0x5567ca291510_0 .var "DONE", 0 0;
v0x5567ca2915e0_0 .var "SEL", 3 0;
v0x5567ca2916b0_0 .var "clk", 0 0;
v0x5567ca291780_0 .var/i "i", 31 0;
v0x5567ca291820_0 .var/i "j", 31 0;
v0x5567ca2918e0_0 .var/i "k", 31 0;
v0x5567ca2919c0_0 .var "ready", 0 0;
v0x5567ca291ab0_0 .var "rst", 0 0;
E_0x5567ca28eba0 .event negedge, v0x5567ca290a70_0;
E_0x5567ca28ec20 .event posedge, v0x5567ca290a70_0;
S_0x5567ca28ec80 .scope module, "sorter0" "sorter" 5 86, 4 4 0, S_0x5567ca248e30;
 .timescale -9 -12;
    .port_info 0 /INPUT 1 "rst"
    .port_info 1 /INPUT 1 "clk"
    .port_info 2 /INPUT 1 "valid"
    .port_info 3 /INPUT 1 "DONE_aux"
    .port_info 4 /INPUT 4 "SEL"
    .port_info 5 /INPUT 16 "DATA_X1"
    .port_info 6 /INPUT 16 "DATA_X2"
    .port_info 7 /INPUT 16 "DATA_Y1"
    .port_info 8 /INPUT 16 "DATA_Y2"
    .port_info 9 /OUTPUT 8 "DATA_OUT"
P_0x5567ca28ee70 .param/l "W" 0 4 6, +C4<00000000000000000000000000100000>;
L_0x5567ca228b80 .functor BUFZ 8, v0x5567ca290300_0, C4<00000000>, C4<00000000>, C4<00000000>;
v0x5567ca28f430 .array "DATA_IN_INT", 9 1, 32 0;
v0x5567ca28f4f0_0 .net "DATA_OUT", 7 0, L_0x5567ca228b80;  alias, 1 drivers
v0x5567ca28f5d0 .array "DATA_OUT_INT", 9 0, 32 0;
v0x5567ca28f7b0_0 .net/s "DATA_X1", 15 0, v0x5567ca2911d0_0;  1 drivers
v0x5567ca28f890_0 .net/s "DATA_X2", 15 0, v0x5567ca2912a0_0;  1 drivers
v0x5567ca28f9c0_0 .net/s "DATA_Y1", 15 0, v0x5567ca2913a0_0;  1 drivers
v0x5567ca28faa0_0 .net/s "DATA_Y2", 15 0, v0x5567ca291470_0;  1 drivers
v0x5567ca28fb80_0 .var "DIST", 32 0;
v0x5567ca28fc60_0 .var "DONE", 0 0;
v0x5567ca28fd40_0 .net "DONE_aux", 0 0, v0x5567ca291510_0;  1 drivers
v0x5567ca28fe20_0 .net "SEL", 3 0, v0x5567ca2915e0_0;  1 drivers
v0x5567ca28ff00 .array "c", 9 0, 0 0;
v0x5567ca28ffa0_0 .net "clk", 0 0, v0x5567ca2916b0_0;  1 drivers
v0x5567ca290080_0 .var/i "i", 31 0;
v0x5567ca290160_0 .var "idx_cnt", 7 0;
v0x5567ca290240 .array "idx_cnt_int", 9 1, 8 0;
v0x5567ca290300_0 .var "idx_out", 7 0;
v0x5567ca2904f0 .array "idx_out_int", 9 0, 8 0;
v0x5567ca2906f0_0 .var/i "j", 31 0;
v0x5567ca2907d0_0 .var/i "m", 31 0;
v0x5567ca2908b0_0 .var/i "n", 31 0;
v0x5567ca290990_0 .var "ready", 0 0;
v0x5567ca290a70_0 .net "rst", 0 0, v0x5567ca291ab0_0;  1 drivers
v0x5567ca290b50_0 .var "sqr1", 31 0;
v0x5567ca290c30_0 .var "sqr2", 31 0;
v0x5567ca290d10_0 .var/s "sub1", 31 0;
v0x5567ca290df0_0 .var/s "sub2", 31 0;
v0x5567ca290ed0_0 .net "valid", 0 0, v0x5567ca2919c0_0;  1 drivers
v0x5567ca2904f0_0 .array/port v0x5567ca2904f0, 0;
v0x5567ca2904f0_1 .array/port v0x5567ca2904f0, 1;
E_0x5567ca28f040/0 .event edge, v0x5567ca2906f0_0, v0x5567ca28fe20_0, v0x5567ca2904f0_0, v0x5567ca2904f0_1;
v0x5567ca2904f0_2 .array/port v0x5567ca2904f0, 2;
v0x5567ca2904f0_3 .array/port v0x5567ca2904f0, 3;
v0x5567ca2904f0_4 .array/port v0x5567ca2904f0, 4;
v0x5567ca2904f0_5 .array/port v0x5567ca2904f0, 5;
E_0x5567ca28f040/1 .event edge, v0x5567ca2904f0_2, v0x5567ca2904f0_3, v0x5567ca2904f0_4, v0x5567ca2904f0_5;
v0x5567ca2904f0_6 .array/port v0x5567ca2904f0, 6;
v0x5567ca2904f0_7 .array/port v0x5567ca2904f0, 7;
v0x5567ca2904f0_8 .array/port v0x5567ca2904f0, 8;
v0x5567ca2904f0_9 .array/port v0x5567ca2904f0, 9;
E_0x5567ca28f040/2 .event edge, v0x5567ca2904f0_6, v0x5567ca2904f0_7, v0x5567ca2904f0_8, v0x5567ca2904f0_9;
E_0x5567ca28f040 .event/or E_0x5567ca28f040/0, E_0x5567ca28f040/1, E_0x5567ca28f040/2;
v0x5567ca28f5d0_0 .array/port v0x5567ca28f5d0, 0;
v0x5567ca28f5d0_1 .array/port v0x5567ca28f5d0, 1;
E_0x5567ca28f110/0 .event edge, v0x5567ca290080_0, v0x5567ca28fb80_0, v0x5567ca28f5d0_0, v0x5567ca28f5d0_1;
v0x5567ca28f5d0_2 .array/port v0x5567ca28f5d0, 2;
v0x5567ca28f5d0_3 .array/port v0x5567ca28f5d0, 3;
v0x5567ca28f5d0_4 .array/port v0x5567ca28f5d0, 4;
v0x5567ca28f5d0_5 .array/port v0x5567ca28f5d0, 5;
E_0x5567ca28f110/1 .event edge, v0x5567ca28f5d0_2, v0x5567ca28f5d0_3, v0x5567ca28f5d0_4, v0x5567ca28f5d0_5;
v0x5567ca28f5d0_6 .array/port v0x5567ca28f5d0, 6;
v0x5567ca28f5d0_7 .array/port v0x5567ca28f5d0, 7;
v0x5567ca28f5d0_8 .array/port v0x5567ca28f5d0, 8;
v0x5567ca28f5d0_9 .array/port v0x5567ca28f5d0, 9;
E_0x5567ca28f110/2 .event edge, v0x5567ca28f5d0_6, v0x5567ca28f5d0_7, v0x5567ca28f5d0_8, v0x5567ca28f5d0_9;
E_0x5567ca28f110/3 .event edge, v0x5567ca2904f0_0, v0x5567ca2904f0_1, v0x5567ca2904f0_2, v0x5567ca2904f0_3;
E_0x5567ca28f110/4 .event edge, v0x5567ca2904f0_4, v0x5567ca2904f0_5, v0x5567ca2904f0_6, v0x5567ca2904f0_7;
E_0x5567ca28f110/5 .event edge, v0x5567ca2904f0_8, v0x5567ca2904f0_9, v0x5567ca290160_0;
E_0x5567ca28f110 .event/or E_0x5567ca28f110/0, E_0x5567ca28f110/1, E_0x5567ca28f110/2, E_0x5567ca28f110/3, E_0x5567ca28f110/4, E_0x5567ca28f110/5;
E_0x5567ca28f210/0 .event edge, v0x5567ca28f7b0_0, v0x5567ca28f890_0, v0x5567ca28f9c0_0, v0x5567ca28faa0_0;
E_0x5567ca28f210/1 .event edge, v0x5567ca290d10_0, v0x5567ca290df0_0, v0x5567ca290b50_0, v0x5567ca290c30_0;
E_0x5567ca28f210 .event/or E_0x5567ca28f210/0, E_0x5567ca28f210/1;
E_0x5567ca28f2a0 .event posedge, v0x5567ca290a70_0, v0x5567ca28ffa0_0;
E_0x5567ca28f330 .event posedge, v0x5567ca28ffa0_0;
E_0x5567ca28f390 .event edge, v0x5567ca290ed0_0;
    .scope S_0x5567ca2284e0;
T_0 ;
    %wait E_0x5567ca226b80;
    %load/vec4 v0x5567ca25ca60_0;
    %pad/s 32;
    %load/vec4 v0x5567ca21fb80_0;
    %pad/s 32;
    %sub;
    %store/vec4 v0x5567ca28b310_0, 0, 32;
    %load/vec4 v0x5567ca21fc80_0;
    %pad/s 32;
    %load/vec4 v0x5567ca220a50_0;
    %pad/s 32;
    %sub;
    %store/vec4 v0x5567ca28b3f0_0, 0, 32;
    %load/vec4 v0x5567ca28b310_0;
    %load/vec4 v0x5567ca28b310_0;
    %mul;
    %store/vec4 v0x5567ca222550_0, 0, 32;
    %load/vec4 v0x5567ca28b3f0_0;
    %load/vec4 v0x5567ca28b3f0_0;
    %mul;
    %store/vec4 v0x5567ca28b230_0, 0, 32;
    %load/vec4 v0x5567ca222550_0;
    %pad/u 33;
    %load/vec4 v0x5567ca28b230_0;
    %pad/u 33;
    %add;
    %store/vec4 v0x5567ca221a50_0, 0, 33;
    %jmp T_0;
    .thread T_0, $push;
    .scope S_0x5567ca28b660;
T_1 ;
    %wait E_0x5567ca28bbe0;
    %load/vec4 v0x5567ca28d2a0_0;
    %flag_set/vec4 8;
    %jmp/0xz  T_1.0, 8;
    %pushi/vec4 0, 0, 1;
    %assign/vec4 v0x5567ca28c5a0_0, 0;
    %jmp T_1.1;
T_1.0 ;
    %load/vec4 v0x5567ca28c680_0;
    %assign/vec4 v0x5567ca28c5a0_0, 0;
T_1.1 ;
    %jmp T_1;
    .thread T_1;
    .scope S_0x5567ca28b660;
T_2 ;
    %wait E_0x5567ca28bcd0;
    %load/vec4 v0x5567ca28d700_0;
    %store/vec4 v0x5567ca28d1c0_0, 0, 1;
    %jmp T_2;
    .thread T_2, $push;
    .scope S_0x5567ca28b660;
T_3 ;
    %wait E_0x5567ca28bc70;
    %load/vec4 v0x5567ca28d2a0_0;
    %flag_set/vec4 8;
    %jmp/0xz  T_3.0, 8;
    %pushi/vec4 4294967295, 0, 33;
    %ix/load 3, 0, 0;
    %flag_set/imm 4, 0;
    %ix/load 4, 0, 0; Constant delay
    %assign/vec4/a/d v0x5567ca28bf10, 0, 4;
    %jmp T_3.1;
T_3.0 ;
    %load/vec4 v0x5567ca28d1c0_0;
    %ix/load 4, 0, 0;
    %flag_set/imm 4, 0;
    %load/vec4a v0x5567ca28c840, 4;
    %and;
    %load/vec4 v0x5567ca28c5a0_0;
    %nor/r;
    %and;
    %flag_set/vec4 8;
    %jmp/0xz  T_3.2, 8;
    %load/vec4 v0x5567ca28c4c0_0;
    %ix/load 3, 0, 0;
    %flag_set/imm 4, 0;
    %ix/load 4, 0, 0; Constant delay
    %assign/vec4/a/d v0x5567ca28bf10, 0, 4;
T_3.2 ;
T_3.1 ;
    %jmp T_3;
    .thread T_3;
    .scope S_0x5567ca28b660;
T_4 ;
    %wait E_0x5567ca28bc70;
    %pushi/vec4 1, 0, 32;
    %store/vec4 v0x5567ca28d0e0_0, 0, 32;
T_4.0 ;
    %load/vec4 v0x5567ca28d0e0_0;
    %cmpi/s 10, 0, 32;
    %jmp/0xz T_4.1, 5;
    %load/vec4 v0x5567ca28d2a0_0;
    %flag_set/vec4 8;
    %jmp/0xz  T_4.2, 8;
    %pushi/vec4 4294967295, 0, 33;
    %ix/getv/s 3, v0x5567ca28d0e0_0;
    %ix/load 4, 0, 0; Constant delay
    %assign/vec4/a/d v0x5567ca28bf10, 0, 4;
    %jmp T_4.3;
T_4.2 ;
    %load/vec4 v0x5567ca28d1c0_0;
    %ix/getv/s 4, v0x5567ca28d0e0_0;
    %load/vec4a v0x5567ca28c840, 4;
    %and;
    %load/vec4 v0x5567ca28c5a0_0;
    %nor/r;
    %and;
    %flag_set/vec4 8;
    %jmp/0xz  T_4.4, 8;
    %load/vec4 v0x5567ca28d0e0_0;
    %subi 1, 0, 32;
    %ix/vec4/s 4;
    %load/vec4a v0x5567ca28bd70, 4;
    %ix/getv/s 3, v0x5567ca28d0e0_0;
    %ix/load 4, 0, 0; Constant delay
    %assign/vec4/a/d v0x5567ca28bf10, 0, 4;
T_4.4 ;
T_4.3 ;
    %load/vec4 v0x5567ca28d0e0_0;
    %addi 1, 0, 32;
    %store/vec4 v0x5567ca28d0e0_0, 0, 32;
    %jmp T_4.0;
T_4.1 ;
    %jmp T_4;
    .thread T_4;
    .scope S_0x5567ca28b660;
T_5 ;
    %wait E_0x5567ca28bc70;
    %load/vec4 v0x5567ca28d2a0_0;
    %flag_set/vec4 8;
    %jmp/0xz  T_5.0, 8;
    %pushi/vec4 0, 0, 9;
    %ix/load 3, 0, 0;
    %flag_set/imm 4, 0;
    %ix/load 4, 0, 0; Constant delay
    %assign/vec4/a/d v0x5567ca28cd20, 0, 4;
    %jmp T_5.1;
T_5.0 ;
    %load/vec4 v0x5567ca28d1c0_0;
    %ix/load 4, 0, 0;
    %flag_set/imm 4, 0;
    %load/vec4a v0x5567ca28c840, 4;
    %and;
    %load/vec4 v0x5567ca28c5a0_0;
    %nor/r;
    %and;
    %flag_set/vec4 8;
    %jmp/0xz  T_5.2, 8;
    %load/vec4 v0x5567ca28caa0_0;
    %pad/u 9;
    %ix/load 3, 0, 0;
    %flag_set/imm 4, 0;
    %ix/load 4, 0, 0; Constant delay
    %assign/vec4/a/d v0x5567ca28cd20, 0, 4;
T_5.2 ;
T_5.1 ;
    %jmp T_5;
    .thread T_5;
    .scope S_0x5567ca28b660;
T_6 ;
    %wait E_0x5567ca28bc70;
    %pushi/vec4 1, 0, 32;
    %store/vec4 v0x5567ca28d000_0, 0, 32;
T_6.0 ;
    %load/vec4 v0x5567ca28d000_0;
    %cmpi/s 10, 0, 32;
    %jmp/0xz T_6.1, 5;
    %load/vec4 v0x5567ca28d2a0_0;
    %flag_set/vec4 8;
    %jmp/0xz  T_6.2, 8;
    %pushi/vec4 0, 0, 9;
    %ix/getv/s 3, v0x5567ca28d000_0;
    %ix/load 4, 0, 0; Constant delay
    %assign/vec4/a/d v0x5567ca28cd20, 0, 4;
    %jmp T_6.3;
T_6.2 ;
    %load/vec4 v0x5567ca28d1c0_0;
    %ix/getv/s 4, v0x5567ca28d000_0;
    %load/vec4a v0x5567ca28c840, 4;
    %and;
    %load/vec4 v0x5567ca28c5a0_0;
    %nor/r;
    %and;
    %flag_set/vec4 8;
    %jmp/0xz  T_6.4, 8;
    %load/vec4 v0x5567ca28d000_0;
    %subi 1, 0, 32;
    %ix/vec4/s 4;
    %load/vec4a v0x5567ca28cb80, 4;
    %ix/getv/s 3, v0x5567ca28d000_0;
    %ix/load 4, 0, 0; Constant delay
    %assign/vec4/a/d v0x5567ca28cd20, 0, 4;
T_6.4 ;
T_6.3 ;
    %load/vec4 v0x5567ca28d000_0;
    %addi 1, 0, 32;
    %store/vec4 v0x5567ca28d000_0, 0, 32;
    %jmp T_6.0;
T_6.1 ;
    %jmp T_6;
    .thread T_6;
    .scope S_0x5567ca28b660;
T_7 ;
    %wait E_0x5567ca28bbe0;
    %load/vec4 v0x5567ca28d2a0_0;
    %flag_set/vec4 8;
    %jmp/0xz  T_7.0, 8;
    %pushi/vec4 0, 0, 8;
    %assign/vec4 v0x5567ca28caa0_0, 0;
    %jmp T_7.1;
T_7.0 ;
    %load/vec4 v0x5567ca28d1c0_0;
    %load/vec4 v0x5567ca28c5a0_0;
    %nor/r;
    %and;
    %flag_set/vec4 8;
    %jmp/0xz  T_7.2, 8;
    %load/vec4 v0x5567ca28caa0_0;
    %addi 1, 0, 8;
    %assign/vec4 v0x5567ca28caa0_0, 0;
T_7.2 ;
T_7.1 ;
    %jmp T_7;
    .thread T_7;
    .scope S_0x5567ca28b660;
T_8 ;
    %wait E_0x5567ca28bb50;
    %load/vec4 v0x5567ca28c0f0_0;
    %pad/s 32;
    %load/vec4 v0x5567ca28c1d0_0;
    %pad/s 32;
    %sub;
    %store/vec4 v0x5567ca28d540_0, 0, 32;
    %load/vec4 v0x5567ca28c300_0;
    %pad/s 32;
    %load/vec4 v0x5567ca28c3e0_0;
    %pad/s 32;
    %sub;
    %store/vec4 v0x5567ca28d620_0, 0, 32;
    %load/vec4 v0x5567ca28d540_0;
    %load/vec4 v0x5567ca28d540_0;
    %mul;
    %store/vec4 v0x5567ca28d380_0, 0, 32;
    %load/vec4 v0x5567ca28d620_0;
    %load/vec4 v0x5567ca28d620_0;
    %mul;
    %store/vec4 v0x5567ca28d460_0, 0, 32;
    %load/vec4 v0x5567ca28d380_0;
    %pad/u 33;
    %load/vec4 v0x5567ca28d460_0;
    %pad/u 33;
    %add;
    %store/vec4 v0x5567ca28c4c0_0, 0, 33;
    %jmp T_8;
    .thread T_8, $push;
    .scope S_0x5567ca28b660;
T_9 ;
    %wait E_0x5567ca28ba50;
    %pushi/vec4 0, 0, 32;
    %store/vec4 v0x5567ca28c9c0_0, 0, 32;
T_9.0 ;
    %load/vec4 v0x5567ca28c9c0_0;
    %cmpi/s 9, 0, 32;
    %jmp/0xz T_9.1, 5;
    %load/vec4 v0x5567ca28c4c0_0;
    %ix/getv/s 4, v0x5567ca28c9c0_0;
    %load/vec4a v0x5567ca28bf10, 4;
    %cmp/u;
    %jmp/0xz  T_9.2, 5;
    %pushi/vec4 1, 0, 1;
    %ix/getv/s 4, v0x5567ca28c9c0_0;
    %store/vec4a v0x5567ca28c840, 4, 0;
    %ix/getv/s 4, v0x5567ca28c9c0_0;
    %load/vec4a v0x5567ca28bf10, 4;
    %load/vec4 v0x5567ca28c9c0_0;
    %pad/s 33;
    %addi 1, 0, 33;
    %subi 1, 0, 33;
    %ix/vec4/s 4;
    %store/vec4a v0x5567ca28bd70, 4, 0;
    %ix/getv/s 4, v0x5567ca28c9c0_0;
    %load/vec4a v0x5567ca28cd20, 4;
    %load/vec4 v0x5567ca28c9c0_0;
    %pad/s 33;
    %addi 1, 0, 33;
    %subi 1, 0, 33;
    %ix/vec4/s 4;
    %store/vec4a v0x5567ca28cb80, 4, 0;
    %jmp T_9.3;
T_9.2 ;
    %pushi/vec4 0, 0, 1;
    %ix/getv/s 4, v0x5567ca28c9c0_0;
    %store/vec4a v0x5567ca28c840, 4, 0;
    %load/vec4 v0x5567ca28c4c0_0;
    %load/vec4 v0x5567ca28c9c0_0;
    %pad/s 33;
    %addi 1, 0, 33;
    %subi 1, 0, 33;
    %ix/vec4/s 4;
    %store/vec4a v0x5567ca28bd70, 4, 0;
    %load/vec4 v0x5567ca28caa0_0;
    %pad/u 9;
    %load/vec4 v0x5567ca28c9c0_0;
    %pad/s 33;
    %addi 1, 0, 33;
    %subi 1, 0, 33;
    %ix/vec4/s 4;
    %store/vec4a v0x5567ca28cb80, 4, 0;
T_9.3 ;
    %load/vec4 v0x5567ca28c9c0_0;
    %addi 1, 0, 32;
    %store/vec4 v0x5567ca28c9c0_0, 0, 32;
    %jmp T_9.0;
T_9.1 ;
    %load/vec4 v0x5567ca28c4c0_0;
    %ix/load 4, 9, 0;
    %flag_set/imm 4, 0;
    %load/vec4a v0x5567ca28bf10, 4;
    %cmp/u;
    %jmp/0xz  T_9.4, 5;
    %pushi/vec4 1, 0, 1;
    %ix/load 4, 9, 0;
    %flag_set/imm 4, 0;
    %store/vec4a v0x5567ca28c840, 4, 0;
    %jmp T_9.5;
T_9.4 ;
    %pushi/vec4 0, 0, 1;
    %ix/load 4, 9, 0;
    %flag_set/imm 4, 0;
    %store/vec4a v0x5567ca28c840, 4, 0;
T_9.5 ;
    %jmp T_9;
    .thread T_9, $push;
    .scope S_0x5567ca28b660;
T_10 ;
    %wait E_0x5567ca28b980;
    %pushi/vec4 0, 0, 32;
    %store/vec4 v0x5567ca28cf20_0, 0, 32;
T_10.0 ;
    %load/vec4 v0x5567ca28cf20_0;
    %cmpi/s 10, 0, 32;
    %jmp/0xz T_10.1, 5;
    %load/vec4 v0x5567ca28c760_0;
    %pad/u 32;
    %load/vec4 v0x5567ca28cf20_0;
    %cmp/e;
    %jmp/0xz  T_10.2, 4;
    %ix/getv/s 4, v0x5567ca28cf20_0;
    %load/vec4a v0x5567ca28cd20, 4;
    %pad/u 8;
    %store/vec4 v0x5567ca28cc40_0, 0, 8;
T_10.2 ;
    %load/vec4 v0x5567ca28cf20_0;
    %addi 1, 0, 32;
    %store/vec4 v0x5567ca28cf20_0, 0, 32;
    %jmp T_10.0;
T_10.1 ;
    %jmp T_10;
    .thread T_10, $push;
    .scope S_0x5567ca228730;
T_11 ;
    %wait E_0x5567ca226010;
    %load/vec4 v0x5567ca28e580_0;
    %flag_set/vec4 8;
    %jmp/0xz  T_11.0, 8;
    %pushi/vec4 0, 0, 32;
    %assign/vec4 v0x5567ca28d920_0, 0;
    %jmp T_11.1;
T_11.0 ;
    %load/vec4 v0x5567ca28e750_0;
    %pad/u 4;
    %load/vec4 v0x5567ca28e9c0_0;
    %and;
    %load/vec4 v0x5567ca28e070_0;
    %pad/u 32;
    %pushi/vec4 0, 0, 32;
    %cmp/e;
    %flag_get/vec4 4;
    %pad/u 4;
    %and;
    %cmpi/ne 0, 0, 4;
    %jmp/0xz  T_11.2, 4;
    %load/vec4 v0x5567ca28e820_0;
    %assign/vec4 v0x5567ca28d920_0, 0;
T_11.2 ;
T_11.1 ;
    %jmp T_11;
    .thread T_11;
    .scope S_0x5567ca228730;
T_12 ;
    %wait E_0x5567ca226010;
    %load/vec4 v0x5567ca28e580_0;
    %flag_set/vec4 8;
    %jmp/0xz  T_12.0, 8;
    %pushi/vec4 0, 0, 32;
    %assign/vec4 v0x5567ca28da20_0, 0;
    %jmp T_12.1;
T_12.0 ;
    %load/vec4 v0x5567ca28e750_0;
    %pad/u 4;
    %load/vec4 v0x5567ca28e9c0_0;
    %and;
    %load/vec4 v0x5567ca28e070_0;
    %pad/u 32;
    %pushi/vec4 1, 0, 32;
    %cmp/e;
    %flag_get/vec4 4;
    %pad/u 4;
    %and;
    %cmpi/ne 0, 0, 4;
    %jmp/0xz  T_12.2, 4;
    %load/vec4 v0x5567ca28e820_0;
    %assign/vec4 v0x5567ca28da20_0, 0;
T_12.2 ;
T_12.1 ;
    %jmp T_12;
    .thread T_12;
    .scope S_0x5567ca228730;
T_13 ;
    %wait E_0x5567ca226010;
    %load/vec4 v0x5567ca28e580_0;
    %flag_set/vec4 8;
    %jmp/0xz  T_13.0, 8;
    %pushi/vec4 0, 0, 1;
    %assign/vec4 v0x5567ca28dec0_0, 0;
    %jmp T_13.1;
T_13.0 ;
    %load/vec4 v0x5567ca28e750_0;
    %pad/u 4;
    %load/vec4 v0x5567ca28e9c0_0;
    %and;
    %load/vec4 v0x5567ca28e070_0;
    %pad/u 32;
    %pushi/vec4 3, 0, 32;
    %cmp/e;
    %flag_get/vec4 4;
    %pad/u 4;
    %and;
    %cmpi/ne 0, 0, 4;
    %jmp/0xz  T_13.2, 4;
    %load/vec4 v0x5567ca28e820_0;
    %parti/s 1, 0, 2;
    %assign/vec4 v0x5567ca28dec0_0, 0;
T_13.2 ;
T_13.1 ;
    %jmp T_13;
    .thread T_13;
    .scope S_0x5567ca228730;
T_14 ;
    %wait E_0x5567ca226010;
    %load/vec4 v0x5567ca28e580_0;
    %flag_set/vec4 8;
    %jmp/0xz  T_14.0, 8;
    %pushi/vec4 0, 0, 1;
    %assign/vec4 v0x5567ca28de20_0, 0;
    %jmp T_14.1;
T_14.0 ;
    %load/vec4 v0x5567ca28e750_0;
    %pad/u 4;
    %load/vec4 v0x5567ca28e9c0_0;
    %and;
    %load/vec4 v0x5567ca28e070_0;
    %pad/u 32;
    %pushi/vec4 4, 0, 32;
    %cmp/e;
    %flag_get/vec4 4;
    %pad/u 4;
    %and;
    %cmpi/ne 0, 0, 4;
    %jmp/0xz  T_14.2, 4;
    %load/vec4 v0x5567ca28e820_0;
    %parti/s 1, 0, 2;
    %assign/vec4 v0x5567ca28de20_0, 0;
T_14.2 ;
T_14.1 ;
    %jmp T_14;
    .thread T_14;
    .scope S_0x5567ca228730;
T_15 ;
    %wait E_0x5567ca226010;
    %load/vec4 v0x5567ca28e580_0;
    %flag_set/vec4 8;
    %jmp/0xz  T_15.0, 8;
    %pushi/vec4 0, 0, 4;
    %assign/vec4 v0x5567ca28df80_0, 0;
    %jmp T_15.1;
T_15.0 ;
    %load/vec4 v0x5567ca28e750_0;
    %pad/u 4;
    %load/vec4 v0x5567ca28e9c0_0;
    %and;
    %load/vec4 v0x5567ca28e070_0;
    %pad/u 32;
    %pushi/vec4 5, 0, 32;
    %cmp/e;
    %flag_get/vec4 4;
    %pad/u 4;
    %and;
    %cmpi/ne 0, 0, 4;
    %jmp/0xz  T_15.2, 4;
    %load/vec4 v0x5567ca28e820_0;
    %parti/s 4, 0, 2;
    %assign/vec4 v0x5567ca28df80_0, 0;
T_15.2 ;
T_15.1 ;
    %jmp T_15;
    .thread T_15;
    .scope S_0x5567ca228730;
T_16 ;
    %wait E_0x5567ca26dc00;
    %pushi/vec4 0, 0, 32;
    %store/vec4 v0x5567ca28e2e0_0, 0, 32;
    %load/vec4 v0x5567ca28e070_0;
    %dup/vec4;
    %pushi/vec4 2, 0, 3;
    %cmp/u;
    %jmp/1 T_16.0, 6;
    %pushi/vec4 0, 0, 32;
    %store/vec4 v0x5567ca28e2e0_0, 0, 32;
    %jmp T_16.2;
T_16.0 ;
    %load/vec4 v0x5567ca28db00_0;
    %pad/u 32;
    %pushi/vec4 0, 0, 32;
    %or;
    %store/vec4 v0x5567ca28e2e0_0, 0, 32;
    %jmp T_16.2;
T_16.2 ;
    %pop/vec4 1;
    %jmp T_16;
    .thread T_16, $push;
    .scope S_0x5567ca228730;
T_17 ;
    %wait E_0x5567ca26da60;
    %load/vec4 v0x5567ca28e580_0;
    %load/vec4 v0x5567ca28dec0_0;
    %or;
    %store/vec4 v0x5567ca28e660_0, 0, 1;
    %jmp T_17;
    .thread T_17, $push;
    .scope S_0x5567ca228730;
T_18 ;
    %wait E_0x5567ca1ed9c0;
    %load/vec4 v0x5567ca28e9c0_0;
    %or/r;
    %store/vec4 v0x5567ca28e8e0_0, 0, 1;
    %jmp T_18;
    .thread T_18, $push;
    .scope S_0x5567ca228730;
T_19 ;
    %wait E_0x5567ca2263e0;
    %load/vec4 v0x5567ca28d920_0;
    %parti/s 16, 16, 6;
    %store/vec4 v0x5567ca28dce0_0, 0, 16;
    %load/vec4 v0x5567ca28d920_0;
    %parti/s 16, 0, 2;
    %store/vec4 v0x5567ca28dba0_0, 0, 16;
    %load/vec4 v0x5567ca28da20_0;
    %parti/s 16, 16, 6;
    %store/vec4 v0x5567ca28dd80_0, 0, 16;
    %load/vec4 v0x5567ca28da20_0;
    %parti/s 16, 0, 2;
    %store/vec4 v0x5567ca28dc40_0, 0, 16;
    %jmp T_19;
    .thread T_19, $push;
    .scope S_0x5567ca228730;
T_20 ;
    %wait E_0x5567ca226010;
    %load/vec4 v0x5567ca28e580_0;
    %flag_set/vec4 8;
    %jmp/0xz  T_20.0, 8;
    %pushi/vec4 0, 0, 1;
    %assign/vec4 v0x5567ca28e4a0_0, 0;
    %jmp T_20.1;
T_20.0 ;
    %load/vec4 v0x5567ca28e750_0;
    %assign/vec4 v0x5567ca28e4a0_0, 0;
T_20.1 ;
    %jmp T_20;
    .thread T_20;
    .scope S_0x5567ca28ec80;
T_21 ;
    %wait E_0x5567ca28f2a0;
    %load/vec4 v0x5567ca290a70_0;
    %flag_set/vec4 8;
    %jmp/0xz  T_21.0, 8;
    %pushi/vec4 0, 0, 1;
    %assign/vec4 v0x5567ca28fc60_0, 0;
    %jmp T_21.1;
T_21.0 ;
    %load/vec4 v0x5567ca28fd40_0;
    %assign/vec4 v0x5567ca28fc60_0, 0;
T_21.1 ;
    %jmp T_21;
    .thread T_21;
    .scope S_0x5567ca28ec80;
T_22 ;
    %wait E_0x5567ca28f390;
    %load/vec4 v0x5567ca290ed0_0;
    %store/vec4 v0x5567ca290990_0, 0, 1;
    %jmp T_22;
    .thread T_22, $push;
    .scope S_0x5567ca28ec80;
T_23 ;
    %wait E_0x5567ca28f330;
    %load/vec4 v0x5567ca290a70_0;
    %flag_set/vec4 8;
    %jmp/0xz  T_23.0, 8;
    %pushi/vec4 4294967295, 0, 33;
    %ix/load 3, 0, 0;
    %flag_set/imm 4, 0;
    %ix/load 4, 0, 0; Constant delay
    %assign/vec4/a/d v0x5567ca28f5d0, 0, 4;
    %jmp T_23.1;
T_23.0 ;
    %load/vec4 v0x5567ca290990_0;
    %ix/load 4, 0, 0;
    %flag_set/imm 4, 0;
    %load/vec4a v0x5567ca28ff00, 4;
    %and;
    %load/vec4 v0x5567ca28fc60_0;
    %nor/r;
    %and;
    %flag_set/vec4 8;
    %jmp/0xz  T_23.2, 8;
    %load/vec4 v0x5567ca28fb80_0;
    %ix/load 3, 0, 0;
    %flag_set/imm 4, 0;
    %ix/load 4, 0, 0; Constant delay
    %assign/vec4/a/d v0x5567ca28f5d0, 0, 4;
T_23.2 ;
T_23.1 ;
    %jmp T_23;
    .thread T_23;
    .scope S_0x5567ca28ec80;
T_24 ;
    %wait E_0x5567ca28f330;
    %pushi/vec4 1, 0, 32;
    %store/vec4 v0x5567ca2908b0_0, 0, 32;
T_24.0 ;
    %load/vec4 v0x5567ca2908b0_0;
    %cmpi/s 10, 0, 32;
    %jmp/0xz T_24.1, 5;
    %load/vec4 v0x5567ca290a70_0;
    %flag_set/vec4 8;
    %jmp/0xz  T_24.2, 8;
    %pushi/vec4 4294967295, 0, 33;
    %ix/getv/s 3, v0x5567ca2908b0_0;
    %ix/load 4, 0, 0; Constant delay
    %assign/vec4/a/d v0x5567ca28f5d0, 0, 4;
    %jmp T_24.3;
T_24.2 ;
    %load/vec4 v0x5567ca290990_0;
    %ix/getv/s 4, v0x5567ca2908b0_0;
    %load/vec4a v0x5567ca28ff00, 4;
    %and;
    %load/vec4 v0x5567ca28fc60_0;
    %nor/r;
    %and;
    %flag_set/vec4 8;
    %jmp/0xz  T_24.4, 8;
    %load/vec4 v0x5567ca2908b0_0;
    %subi 1, 0, 32;
    %ix/vec4/s 4;
    %load/vec4a v0x5567ca28f430, 4;
    %ix/getv/s 3, v0x5567ca2908b0_0;
    %ix/load 4, 0, 0; Constant delay
    %assign/vec4/a/d v0x5567ca28f5d0, 0, 4;
T_24.4 ;
T_24.3 ;
    %load/vec4 v0x5567ca2908b0_0;
    %addi 1, 0, 32;
    %store/vec4 v0x5567ca2908b0_0, 0, 32;
    %jmp T_24.0;
T_24.1 ;
    %jmp T_24;
    .thread T_24;
    .scope S_0x5567ca28ec80;
T_25 ;
    %wait E_0x5567ca28f330;
    %load/vec4 v0x5567ca290a70_0;
    %flag_set/vec4 8;
    %jmp/0xz  T_25.0, 8;
    %pushi/vec4 0, 0, 9;
    %ix/load 3, 0, 0;
    %flag_set/imm 4, 0;
    %ix/load 4, 0, 0; Constant delay
    %assign/vec4/a/d v0x5567ca2904f0, 0, 4;
    %jmp T_25.1;
T_25.0 ;
    %load/vec4 v0x5567ca290990_0;
    %ix/load 4, 0, 0;
    %flag_set/imm 4, 0;
    %load/vec4a v0x5567ca28ff00, 4;
    %and;
    %load/vec4 v0x5567ca28fc60_0;
    %nor/r;
    %and;
    %flag_set/vec4 8;
    %jmp/0xz  T_25.2, 8;
    %load/vec4 v0x5567ca290160_0;
    %pad/u 9;
    %ix/load 3, 0, 0;
    %flag_set/imm 4, 0;
    %ix/load 4, 0, 0; Constant delay
    %assign/vec4/a/d v0x5567ca2904f0, 0, 4;
T_25.2 ;
T_25.1 ;
    %jmp T_25;
    .thread T_25;
    .scope S_0x5567ca28ec80;
T_26 ;
    %wait E_0x5567ca28f330;
    %pushi/vec4 1, 0, 32;
    %store/vec4 v0x5567ca2907d0_0, 0, 32;
T_26.0 ;
    %load/vec4 v0x5567ca2907d0_0;
    %cmpi/s 10, 0, 32;
    %jmp/0xz T_26.1, 5;
    %load/vec4 v0x5567ca290a70_0;
    %flag_set/vec4 8;
    %jmp/0xz  T_26.2, 8;
    %pushi/vec4 0, 0, 9;
    %ix/getv/s 3, v0x5567ca2907d0_0;
    %ix/load 4, 0, 0; Constant delay
    %assign/vec4/a/d v0x5567ca2904f0, 0, 4;
    %jmp T_26.3;
T_26.2 ;
    %load/vec4 v0x5567ca290990_0;
    %ix/getv/s 4, v0x5567ca2907d0_0;
    %load/vec4a v0x5567ca28ff00, 4;
    %and;
    %load/vec4 v0x5567ca28fc60_0;
    %nor/r;
    %and;
    %flag_set/vec4 8;
    %jmp/0xz  T_26.4, 8;
    %load/vec4 v0x5567ca2907d0_0;
    %subi 1, 0, 32;
    %ix/vec4/s 4;
    %load/vec4a v0x5567ca290240, 4;
    %ix/getv/s 3, v0x5567ca2907d0_0;
    %ix/load 4, 0, 0; Constant delay
    %assign/vec4/a/d v0x5567ca2904f0, 0, 4;
T_26.4 ;
T_26.3 ;
    %load/vec4 v0x5567ca2907d0_0;
    %addi 1, 0, 32;
    %store/vec4 v0x5567ca2907d0_0, 0, 32;
    %jmp T_26.0;
T_26.1 ;
    %jmp T_26;
    .thread T_26;
    .scope S_0x5567ca28ec80;
T_27 ;
    %wait E_0x5567ca28f2a0;
    %load/vec4 v0x5567ca290a70_0;
    %flag_set/vec4 8;
    %jmp/0xz  T_27.0, 8;
    %pushi/vec4 0, 0, 8;
    %assign/vec4 v0x5567ca290160_0, 0;
    %jmp T_27.1;
T_27.0 ;
    %load/vec4 v0x5567ca290990_0;
    %load/vec4 v0x5567ca28fc60_0;
    %nor/r;
    %and;
    %flag_set/vec4 8;
    %jmp/0xz  T_27.2, 8;
    %load/vec4 v0x5567ca290160_0;
    %addi 1, 0, 8;
    %assign/vec4 v0x5567ca290160_0, 0;
T_27.2 ;
T_27.1 ;
    %jmp T_27;
    .thread T_27;
    .scope S_0x5567ca28ec80;
T_28 ;
    %wait E_0x5567ca28f210;
    %load/vec4 v0x5567ca28f7b0_0;
    %pad/s 32;
    %load/vec4 v0x5567ca28f890_0;
    %pad/s 32;
    %sub;
    %store/vec4 v0x5567ca290d10_0, 0, 32;
    %load/vec4 v0x5567ca28f9c0_0;
    %pad/s 32;
    %load/vec4 v0x5567ca28faa0_0;
    %pad/s 32;
    %sub;
    %store/vec4 v0x5567ca290df0_0, 0, 32;
    %load/vec4 v0x5567ca290d10_0;
    %load/vec4 v0x5567ca290d10_0;
    %mul;
    %store/vec4 v0x5567ca290b50_0, 0, 32;
    %load/vec4 v0x5567ca290df0_0;
    %load/vec4 v0x5567ca290df0_0;
    %mul;
    %store/vec4 v0x5567ca290c30_0, 0, 32;
    %load/vec4 v0x5567ca290b50_0;
    %pad/u 33;
    %load/vec4 v0x5567ca290c30_0;
    %pad/u 33;
    %add;
    %store/vec4 v0x5567ca28fb80_0, 0, 33;
    %jmp T_28;
    .thread T_28, $push;
    .scope S_0x5567ca28ec80;
T_29 ;
    %wait E_0x5567ca28f110;
    %pushi/vec4 0, 0, 32;
    %store/vec4 v0x5567ca290080_0, 0, 32;
T_29.0 ;
    %load/vec4 v0x5567ca290080_0;
    %cmpi/s 9, 0, 32;
    %jmp/0xz T_29.1, 5;
    %load/vec4 v0x5567ca28fb80_0;
    %ix/getv/s 4, v0x5567ca290080_0;
    %load/vec4a v0x5567ca28f5d0, 4;
    %cmp/u;
    %jmp/0xz  T_29.2, 5;
    %pushi/vec4 1, 0, 1;
    %ix/getv/s 4, v0x5567ca290080_0;
    %store/vec4a v0x5567ca28ff00, 4, 0;
    %ix/getv/s 4, v0x5567ca290080_0;
    %load/vec4a v0x5567ca28f5d0, 4;
    %load/vec4 v0x5567ca290080_0;
    %pad/s 33;
    %addi 1, 0, 33;
    %subi 1, 0, 33;
    %ix/vec4/s 4;
    %store/vec4a v0x5567ca28f430, 4, 0;
    %ix/getv/s 4, v0x5567ca290080_0;
    %load/vec4a v0x5567ca2904f0, 4;
    %load/vec4 v0x5567ca290080_0;
    %pad/s 33;
    %addi 1, 0, 33;
    %subi 1, 0, 33;
    %ix/vec4/s 4;
    %store/vec4a v0x5567ca290240, 4, 0;
    %jmp T_29.3;
T_29.2 ;
    %pushi/vec4 0, 0, 1;
    %ix/getv/s 4, v0x5567ca290080_0;
    %store/vec4a v0x5567ca28ff00, 4, 0;
    %load/vec4 v0x5567ca28fb80_0;
    %load/vec4 v0x5567ca290080_0;
    %pad/s 33;
    %addi 1, 0, 33;
    %subi 1, 0, 33;
    %ix/vec4/s 4;
    %store/vec4a v0x5567ca28f430, 4, 0;
    %load/vec4 v0x5567ca290160_0;
    %pad/u 9;
    %load/vec4 v0x5567ca290080_0;
    %pad/s 33;
    %addi 1, 0, 33;
    %subi 1, 0, 33;
    %ix/vec4/s 4;
    %store/vec4a v0x5567ca290240, 4, 0;
T_29.3 ;
    %load/vec4 v0x5567ca290080_0;
    %addi 1, 0, 32;
    %store/vec4 v0x5567ca290080_0, 0, 32;
    %jmp T_29.0;
T_29.1 ;
    %load/vec4 v0x5567ca28fb80_0;
    %ix/load 4, 9, 0;
    %flag_set/imm 4, 0;
    %load/vec4a v0x5567ca28f5d0, 4;
    %cmp/u;
    %jmp/0xz  T_29.4, 5;
    %pushi/vec4 1, 0, 1;
    %ix/load 4, 9, 0;
    %flag_set/imm 4, 0;
    %store/vec4a v0x5567ca28ff00, 4, 0;
    %jmp T_29.5;
T_29.4 ;
    %pushi/vec4 0, 0, 1;
    %ix/load 4, 9, 0;
    %flag_set/imm 4, 0;
    %store/vec4a v0x5567ca28ff00, 4, 0;
T_29.5 ;
    %jmp T_29;
    .thread T_29, $push;
    .scope S_0x5567ca28ec80;
T_30 ;
    %wait E_0x5567ca28f040;
    %pushi/vec4 0, 0, 32;
    %store/vec4 v0x5567ca2906f0_0, 0, 32;
T_30.0 ;
    %load/vec4 v0x5567ca2906f0_0;
    %cmpi/s 10, 0, 32;
    %jmp/0xz T_30.1, 5;
    %load/vec4 v0x5567ca28fe20_0;
    %pad/u 32;
    %load/vec4 v0x5567ca2906f0_0;
    %cmp/e;
    %jmp/0xz  T_30.2, 4;
    %ix/getv/s 4, v0x5567ca2906f0_0;
    %load/vec4a v0x5567ca2904f0, 4;
    %pad/u 8;
    %store/vec4 v0x5567ca290300_0, 0, 8;
T_30.2 ;
    %load/vec4 v0x5567ca2906f0_0;
    %addi 1, 0, 32;
    %store/vec4 v0x5567ca2906f0_0, 0, 32;
    %jmp T_30.0;
T_30.1 ;
    %jmp T_30;
    .thread T_30, $push;
    .scope S_0x5567ca248e30;
T_31 ;
    %pushi/vec4 1, 0, 1;
    %store/vec4 v0x5567ca2916b0_0, 0, 1;
    %pushi/vec4 0, 0, 1;
    %store/vec4 v0x5567ca291ab0_0, 0, 1;
    %end;
    .thread T_31, $init;
    .scope S_0x5567ca248e30;
T_32 ;
    %delay 5000, 0;
    %load/vec4 v0x5567ca2916b0_0;
    %inv;
    %store/vec4 v0x5567ca2916b0_0, 0, 1;
    %jmp T_32;
    .thread T_32;
    .scope S_0x5567ca248e30;
T_33 ;
    %delay 7000, 0;
    %pushi/vec4 1, 0, 1;
    %store/vec4 v0x5567ca291ab0_0, 0, 1;
    %delay 10000, 0;
    %pushi/vec4 0, 0, 1;
    %store/vec4 v0x5567ca291ab0_0, 0, 1;
    %end;
    .thread T_33;
    .scope S_0x5567ca248e30;
T_34 ;
    %vpi_call/w 5 28 "$dumpfile", "knn.vcd" {0 0 0};
    %vpi_call/w 5 29 "$dumpvars" {0 0 0};
    %pushi/vec4 0, 0, 32;
    %store/vec4 v0x5567ca291780_0, 0, 32;
T_34.0 ;
    %load/vec4 v0x5567ca291780_0;
    %cmpi/s 10, 0, 32;
    %jmp/0xz T_34.1, 5;
    %vpi_call/w 5 31 "$dumpvars", 32'sb00000000000000000000000000000000, &A<v0x5567ca28f5d0, v0x5567ca291780_0 > {0 0 0};
    %vpi_call/w 5 32 "$dumpvars", 32'sb00000000000000000000000000000000, &A<v0x5567ca2904f0, v0x5567ca291780_0 > {0 0 0};
    %load/vec4 v0x5567ca291780_0;
    %pushi/vec4 1, 0, 32;
    %add;
    %store/vec4 v0x5567ca291780_0, 0, 32;
    %jmp T_34.0;
T_34.1 ;
    %pushi/vec4 1, 0, 1;
    %store/vec4 v0x5567ca291510_0, 0, 1;
    %pushi/vec4 0, 0, 4;
    %store/vec4 v0x5567ca2915e0_0, 0, 4;
    %pushi/vec4 0, 0, 16;
    %store/vec4 v0x5567ca2911d0_0, 0, 16;
    %pushi/vec4 0, 0, 16;
    %store/vec4 v0x5567ca2913a0_0, 0, 16;
    %pushi/vec4 0, 0, 1;
    %store/vec4 v0x5567ca2919c0_0, 0, 1;
    %wait E_0x5567ca28ec20;
    %wait E_0x5567ca28eba0;
    %wait E_0x5567ca28f330;
    %delay 5000, 0;
    %pushi/vec4 1, 0, 1;
    %store/vec4 v0x5567ca2919c0_0, 0, 1;
    %delay 5000, 0;
    %pushi/vec4 0, 0, 1;
    %store/vec4 v0x5567ca291510_0, 0, 1;
    %delay 5000, 0;
    %pushi/vec4 0, 0, 1;
    %store/vec4 v0x5567ca2919c0_0, 0, 1;
    %wait E_0x5567ca28f330;
    %pushi/vec4 0, 0, 32;
    %store/vec4 v0x5567ca291820_0, 0, 32;
T_34.2 ;
    %load/vec4 v0x5567ca291820_0;
    %cmpi/s 2, 0, 32;
    %jmp/0xz T_34.3, 5;
    %pushi/vec4 1, 0, 32;
    %store/vec4 v0x5567ca291780_0, 0, 32;
T_34.4 ;
    %load/vec4 v0x5567ca291780_0;
    %cmpi/s 100, 0, 32;
    %jmp/0xz T_34.5, 5;
    %load/vec4 v0x5567ca291780_0;
    %pushi/vec4 3, 0, 32;
    %mod/s;
    %cmpi/e 0, 0, 32;
    %jmp/0xz  T_34.6, 4;
    %pushi/vec4 1, 0, 1;
    %store/vec4 v0x5567ca2919c0_0, 0, 1;
    %jmp T_34.7;
T_34.6 ;
    %pushi/vec4 0, 0, 1;
    %store/vec4 v0x5567ca2919c0_0, 0, 1;
T_34.7 ;
    %load/vec4 v0x5567ca2919c0_0;
    %pad/u 32;
    %cmpi/e 1, 0, 32;
    %jmp/0xz  T_34.8, 4;
    %load/vec4 v0x5567ca291780_0;
    %pad/s 16;
    %store/vec4 v0x5567ca2912a0_0, 0, 16;
    %load/vec4 v0x5567ca291780_0;
    %pad/s 16;
    %store/vec4 v0x5567ca291470_0, 0, 16;
T_34.8 ;
    %wait E_0x5567ca28f330;
    %load/vec4 v0x5567ca291780_0;
    %addi 1, 0, 32;
    %store/vec4 v0x5567ca291780_0, 0, 32;
    %jmp T_34.4;
T_34.5 ;
    %pushi/vec4 1, 0, 1;
    %store/vec4 v0x5567ca291510_0, 0, 1;
    %pushi/vec4 0, 0, 32;
    %store/vec4 v0x5567ca2918e0_0, 0, 32;
T_34.10 ;
    %load/vec4 v0x5567ca2918e0_0;
    %cmpi/s 10, 0, 32;
    %jmp/0xz T_34.11, 5;
    %load/vec4 v0x5567ca2918e0_0;
    %pad/s 4;
    %store/vec4 v0x5567ca2915e0_0, 0, 4;
    %delay 1000, 0;
    %vpi_call/w 5 68 "$display", "Final REG %d -> DATA_OUT : %d\011", v0x5567ca2918e0_0, v0x5567ca2910f0_0 {0 0 0};
    %wait E_0x5567ca28f330;
    %load/vec4 v0x5567ca2918e0_0;
    %addi 1, 0, 32;
    %store/vec4 v0x5567ca2918e0_0, 0, 32;
    %jmp T_34.10;
T_34.11 ;
    %vpi_call/w 5 71 "$display", "\012" {0 0 0};
    %pushi/vec4 0, 0, 1;
    %store/vec4 v0x5567ca291510_0, 0, 1;
    %delay 1000, 0;
    %pushi/vec4 1, 0, 1;
    %store/vec4 v0x5567ca291ab0_0, 0, 1;
    %delay 10000, 0;
    %pushi/vec4 0, 0, 1;
    %store/vec4 v0x5567ca291ab0_0, 0, 1;
    %load/vec4 v0x5567ca291820_0;
    %addi 1, 0, 32;
    %store/vec4 v0x5567ca291820_0, 0, 32;
    %jmp T_34.2;
T_34.3 ;
    %wait E_0x5567ca28f330;
    %delay 1000, 0;
    %vpi_call/w 5 82 "$finish" {0 0 0};
    %end;
    .thread T_34;
# The file index is used to find the file name in the following table.
:file_names 6;
    "N/A";
    "<interactive>";
    "../../../hardware/src/dist.v";
    "../../../hardware/src/iob_knn.v";
    "../../../hardware/src/sorter2.v";
    "../../../hardware/testbench/KNN_tb.v";
